0 info it worked if it ends with ok
1 verbose cli [ 'c:\\Program Files\\nodejs\\node.exe',
1 verbose cli   'c:\\Program Files\\nodejs\\node_modules\\npm\\bin\\npm-cli.js',
1 verbose cli   'i',
1 verbose cli   'angular-cookies' ]
2 info using npm@2.7.4
3 info using node@v0.12.2
4 silly cache add args [ 'angular-cookies', null ]
5 verbose cache add spec angular-cookies
6 silly cache add parsed spec { raw: 'angular-cookies',
6 silly cache add   scope: null,
6 silly cache add   name: 'angular-cookies',
6 silly cache add   rawSpec: '',
6 silly cache add   spec: '*',
6 silly cache add   type: 'range' }
7 verbose addNamed angular-cookies@*
8 silly addNamed semver.valid null
9 silly addNamed semver.validRange *
10 silly addNameRange { name: 'angular-cookies', range: '*', hasData: false }
11 silly mapToRegistry name angular-cookies
12 silly mapToRegistry using default registry
13 silly mapToRegistry registry https://registry.npmjs.org/
14 silly mapToRegistry uri https://registry.npmjs.org/angular-cookies
15 verbose addNameRange registry:https://registry.npmjs.org/angular-cookies not in flight; fetching
16 verbose request uri https://registry.npmjs.org/angular-cookies
17 verbose request no auth needed
18 info attempt registry request try #1 at 14:09:40
19 verbose request id 276232da325a3e66
20 http request GET https://registry.npmjs.org/angular-cookies
21 http 200 https://registry.npmjs.org/angular-cookies
22 silly get cb [ 200,
22 silly get   { server: 'CouchDB/1.5.0 (Erlang OTP/R16B03)',
22 silly get     etag: '"4TBL69AE2COIGCJ3N35ZRO4JO"',
22 silly get     'content-type': 'application/json',
22 silly get     'cache-control': 'max-age=60',
22 silly get     'content-length': '60686',
22 silly get     'accept-ranges': 'bytes',
22 silly get     date: 'Tue, 30 Jun 2015 11:09:42 GMT',
22 silly get     via: '1.1 varnish',
22 silly get     age: '0',
22 silly get     connection: 'keep-alive',
22 silly get     'x-served-by': 'cache-fra1247-FRA',
22 silly get     'x-cache': 'HIT',
22 silly get     'x-cache-hits': '1',
22 silly get     'x-timer': 'S1435662581.949967,VS0,VE679',
22 silly get     vary: 'Accept' } ]
23 verbose get saving angular-cookies to C:\Users\Alexey\AppData\Roaming\npm-cache\registry.npmjs.org\angular-cookies\.cache.json
24 silly addNameRange number 2 { name: 'angular-cookies', range: '*', hasData: true }
25 silly addNameRange versions [ 'angular-cookies',
25 silly addNameRange   [ '1.2.20',
25 silly addNameRange     '1.2.0',
25 silly addNameRange     '1.2.1',
25 silly addNameRange     '1.2.2',
25 silly addNameRange     '1.2.3',
25 silly addNameRange     '1.2.4',
25 silly addNameRange     '1.2.5',
25 silly addNameRange     '1.2.6',
25 silly addNameRange     '1.2.7',
25 silly addNameRange     '1.2.8',
25 silly addNameRange     '1.2.9',
25 silly addNameRange     '1.2.10',
25 silly addNameRange     '1.2.11',
25 silly addNameRange     '1.2.12',
25 silly addNameRange     '1.2.13',
25 silly addNameRange     '1.2.14',
25 silly addNameRange     '1.2.15',
25 silly addNameRange     '1.2.16',
25 silly addNameRange     '1.2.17',
25 silly addNameRange     '1.2.18',
25 silly addNameRange     '1.2.19',
25 silly addNameRange     '1.3.0-rc.5',
25 silly addNameRange     '1.3.0',
25 silly addNameRange     '1.3.1',
25 silly addNameRange     '1.3.2',
25 silly addNameRange     '1.3.3',
25 silly addNameRange     '1.3.4-build.3588',
25 silly addNameRange     '1.2.27',
25 silly addNameRange     '1.3.4',
25 silly addNameRange     '1.3.5',
25 silly addNameRange     '1.3.6',
25 silly addNameRange     '1.3.7',
25 silly addNameRange     '1.2.28',
25 silly addNameRange     '1.3.8',
25 silly addNameRange     '1.4.0-beta.0',
25 silly addNameRange     '1.3.9',
25 silly addNameRange     '1.3.10',
25 silly addNameRange     '1.4.0-beta.1',
25 silly addNameRange     '1.4.0-beta.2',
25 silly addNameRange     '1.3.11',
25 silly addNameRange     '1.4.0-beta.3',
25 silly addNameRange     '1.3.12',
25 silly addNameRange     '1.3.13',
25 silly addNameRange     '1.4.0-beta.4',
25 silly addNameRange     '1.3.14',
25 silly addNameRange     '1.4.0-beta.5',
25 silly addNameRange     '1.4.0-beta.6',
25 silly addNameRange     '1.3.15',
25 silly addNameRange     '1.4.0-rc.0',
25 silly addNameRange     '1.4.0-rc.1',
25 silly addNameRange     '1.4.0-rc.2',
25 silly addNameRange     '1.4.0',
25 silly addNameRange     '1.3.16',
25 silly addNameRange     '1.4.1' ] ]
26 verbose addNamed angular-cookies@1.4.1
27 silly addNamed semver.valid 1.4.1
28 silly addNamed semver.validRange 1.4.1
29 silly mapToRegistry name angular-cookies
30 silly mapToRegistry using default registry
31 silly mapToRegistry registry https://registry.npmjs.org/
32 silly mapToRegistry uri https://registry.npmjs.org/angular-cookies
33 verbose addRemoteTarball https://registry.npmjs.org/angular-cookies/-/angular-cookies-1.4.1.tgz not in flight; adding
34 verbose addRemoteTarball [ 'https://registry.npmjs.org/angular-cookies/-/angular-cookies-1.4.1.tgz',
34 verbose addRemoteTarball   '9739f666e270364286a0b5e204bcee3034a48e78' ]
35 info retry fetch attempt 1 at 14:09:41
36 info attempt registry request try #1 at 14:09:41
37 http fetch GET https://registry.npmjs.org/angular-cookies/-/angular-cookies-1.4.1.tgz
38 http fetch 200 https://registry.npmjs.org/angular-cookies/-/angular-cookies-1.4.1.tgz
39 silly fetchAndShaCheck shasum 9739f666e270364286a0b5e204bcee3034a48e78
40 verbose addTmpTarball C:\Users\Alexey\AppData\Local\Temp\npm-2440-3a14e7f4\registry.npmjs.org\angular-cookies\-\angular-cookies-1.4.1.tgz not in flight; adding
41 verbose addTmpTarball already have metadata; skipping unpack for angular-cookies@1.4.1
42 silly cache afterAdd angular-cookies@1.4.1
43 verbose afterAdd C:\Users\Alexey\AppData\Roaming\npm-cache\angular-cookies\1.4.1\package\package.json not in flight; writing
44 verbose afterAdd C:\Users\Alexey\AppData\Roaming\npm-cache\angular-cookies\1.4.1\package\package.json written
45 silly install resolved [ { name: 'angular-cookies',
45 silly install resolved     version: '1.4.1',
45 silly install resolved     description: 'AngularJS module for cookies',
45 silly install resolved     main: 'index.js',
45 silly install resolved     scripts: { test: 'echo "Error: no test specified" && exit 1' },
45 silly install resolved     repository:
45 silly install resolved      { type: 'git',
45 silly install resolved        url: 'https://github.com/angular/angular.js.git' },
45 silly install resolved     keywords: [ 'angular', 'framework', 'browser', 'cookies', 'client-side' ],
45 silly install resolved     author:
45 silly install resolved      { name: 'Angular Core Team',
45 silly install resolved        email: 'angular-core+npm@google.com' },
45 silly install resolved     license: 'MIT',
45 silly install resolved     bugs: { url: 'https://github.com/angular/angular.js/issues' },
45 silly install resolved     homepage: 'http://angularjs.org',
45 silly install resolved     gitHead: '8cc6eae82bffab466fd883d8e08031b97daa6ba0',
45 silly install resolved     _id: 'angular-cookies@1.4.1',
45 silly install resolved     _shasum: '9739f666e270364286a0b5e204bcee3034a48e78',
45 silly install resolved     _from: 'angular-cookies@*',
45 silly install resolved     _npmVersion: '2.0.2',
45 silly install resolved     _nodeVersion: '0.10.26',
45 silly install resolved     _npmUser: { name: 'angularcore', email: 'angular-core+npm@google.com' },
45 silly install resolved     maintainers: [ [Object], [Object] ],
45 silly install resolved     dist:
45 silly install resolved      { shasum: '9739f666e270364286a0b5e204bcee3034a48e78',
45 silly install resolved        tarball: 'http://registry.npmjs.org/angular-cookies/-/angular-cookies-1.4.1.tgz' },
45 silly install resolved     directories: {},
45 silly install resolved     _resolved: 'https://registry.npmjs.org/angular-cookies/-/angular-cookies-1.4.1.tgz' } ]
46 info install angular-cookies@1.4.1 into C:\projects\sk
47 info installOne angular-cookies@1.4.1
48 verbose installOne of angular-cookies to C:\projects\sk not in flight; installing
49 verbose lock using C:\Users\Alexey\AppData\Roaming\npm-cache\_locks\angular-cookies-f86457c87592175b.lock for C:\projects\sk\node_modules\angular-cookies
50 silly install write writing angular-cookies 1.4.1 to C:\projects\sk\node_modules\angular-cookies
51 silly cache addNamed cb angular-cookies@1.4.1
52 verbose unbuild node_modules\angular-cookies
53 silly gentlyRm C:\projects\sk\node_modules\angular-cookies is being purged from base C:\projects\sk
54 verbose gentlyRm don't care about contents; nuking C:\projects\sk\node_modules\angular-cookies
55 verbose tar unpack C:\Users\Alexey\AppData\Roaming\npm-cache\angular-cookies\1.4.1\package.tgz
56 verbose tar unpacking to C:\projects\sk\node_modules\angular-cookies
57 silly gentlyRm C:\projects\sk\node_modules\angular-cookies is being purged
58 verbose gentlyRm don't care about contents; nuking C:\projects\sk\node_modules\angular-cookies
59 silly gunzTarPerm modes [ '777', '666' ]
60 silly gunzTarPerm extractEntry package.json
61 silly gunzTarPerm modified mode [ 'package.json', 420, 438 ]
62 silly gunzTarPerm extractEntry README.md
63 silly gunzTarPerm modified mode [ 'README.md', 420, 438 ]
64 silly gunzTarPerm extractEntry angular-cookies.js
65 silly gunzTarPerm modified mode [ 'angular-cookies.js', 420, 438 ]
66 silly gunzTarPerm extractEntry angular-cookies.min.js
67 silly gunzTarPerm modified mode [ 'angular-cookies.min.js', 420, 438 ]
68 silly gunzTarPerm extractEntry index.js
69 silly gunzTarPerm modified mode [ 'index.js', 420, 438 ]
70 silly gunzTarPerm extractEntry angular-cookies.min.js.map
71 silly gunzTarPerm modified mode [ 'angular-cookies.min.js.map', 420, 438 ]
72 silly gunzTarPerm extractEntry bower.json
73 silly gunzTarPerm modified mode [ 'bower.json', 420, 438 ]
74 info preinstall angular-cookies@1.4.1
75 silly install resolved []
76 verbose about to build C:\projects\sk\node_modules\angular-cookies
77 info build C:\projects\sk\node_modules\angular-cookies
78 verbose linkStuff [ false, false, false, 'C:\\projects\\sk\\node_modules' ]
79 info linkStuff angular-cookies@1.4.1
80 verbose linkBins angular-cookies@1.4.1
81 verbose linkMans angular-cookies@1.4.1
82 verbose rebuildBundles angular-cookies@1.4.1
83 info install angular-cookies@1.4.1
84 info postinstall angular-cookies@1.4.1
85 verbose unlock done using C:\Users\Alexey\AppData\Roaming\npm-cache\_locks\angular-cookies-f86457c87592175b.lock for C:\projects\sk\node_modules\angular-cookies
86 warn unmet dependency C:\projects\sk\node_modules\gulp.spritesmith\node_modules\spritesmith\node_modules\pixelsmith\node_modules\ndarray-fill\node_modules\cwise\node_modules\static-module\node_modules\static-eval\node_modules\escodegen requires estraverse@'~1.3.0' but will load
86 warn unmet dependency C:\projects\sk\node_modules\estraverse,
86 warn unmet dependency which is version 4.1.0
87 warn unmet dependency C:\projects\sk\node_modules\imagemin-pngquant\node_modules\pngquant-bin\node_modules\bin-build\node_modules\decompress\node_modules\vinyl-fs\node_modules\glob-watcher\node_modules\gaze\node_modules\globule\node_modules\glob requires graceful-fs@'~1.2.0' but will load
87 warn unmet dependency C:\projects\sk\node_modules\imagemin-pngquant\node_modules\pngquant-bin\node_modules\bin-build\node_modules\decompress\node_modules\vinyl-fs\node_modules\graceful-fs,
87 warn unmet dependency which is version 3.0.6
88 warn unmet dependency C:\projects\sk\node_modules\imagemin-pngquant\node_modules\pngquant-bin\node_modules\bin-build\node_modules\decompress\node_modules\vinyl-fs\node_modules\glob-watcher\node_modules\gaze\node_modules\globule\node_modules\glob requires inherits@'1' but will load
88 warn unmet dependency C:\projects\sk\node_modules\inherits,
88 warn unmet dependency which is version 2.0.1
89 warn unmet dependency C:\projects\sk\node_modules\imagemin-pngquant\node_modules\pngquant-bin\node_modules\bin-build\node_modules\download\node_modules\vinyl-fs\node_modules\glob-watcher\node_modules\gaze\node_modules\globule\node_modules\glob requires graceful-fs@'~1.2.0' but will load
89 warn unmet dependency C:\projects\sk\node_modules\imagemin-pngquant\node_modules\pngquant-bin\node_modules\bin-build\node_modules\download\node_modules\vinyl-fs\node_modules\graceful-fs,
89 warn unmet dependency which is version 3.0.6
90 warn unmet dependency C:\projects\sk\node_modules\imagemin-pngquant\node_modules\pngquant-bin\node_modules\bin-build\node_modules\download\node_modules\vinyl-fs\node_modules\glob-watcher\node_modules\gaze\node_modules\globule\node_modules\glob requires inherits@'1' but will load
90 warn unmet dependency C:\projects\sk\node_modules\inherits,
90 warn unmet dependency which is version 2.0.1
91 warn unmet dependency C:\projects\sk\node_modules\imagemin-pngquant\node_modules\pngquant-bin\node_modules\bin-wrapper\node_modules\download\node_modules\vinyl-fs\node_modules\glob-watcher\node_modules\gaze\node_modules\globule\node_modules\glob requires graceful-fs@'~1.2.0' but will load
91 warn unmet dependency C:\projects\sk\node_modules\imagemin-pngquant\node_modules\pngquant-bin\node_modules\bin-wrapper\node_modules\download\node_modules\vinyl-fs\node_modules\graceful-fs,
91 warn unmet dependency which is version 3.0.6
92 warn unmet dependency C:\projects\sk\node_modules\imagemin-pngquant\node_modules\pngquant-bin\node_modules\bin-wrapper\node_modules\download\node_modules\vinyl-fs\node_modules\glob-watcher\node_modules\gaze\node_modules\globule\node_modules\glob requires inherits@'1' but will load
92 warn unmet dependency C:\projects\sk\node_modules\inherits,
92 warn unmet dependency which is version 2.0.1
93 verbose stack Error: The package angular does not satisfy its siblings' peerDependencies requirements!
93 verbose stack     at c:\Program Files\nodejs\node_modules\npm\lib\install.js:125:32
93 verbose stack     at c:\Program Files\nodejs\node_modules\npm\lib\install.js:264:7
93 verbose stack     at c:\Program Files\nodejs\node_modules\npm\node_modules\read-installed\read-installed.js:138:5
93 verbose stack     at c:\Program Files\nodejs\node_modules\npm\node_modules\read-installed\read-installed.js:251:14
93 verbose stack     at cb (c:\Program Files\nodejs\node_modules\npm\node_modules\slide\lib\async-map.js:47:24)
93 verbose stack     at c:\Program Files\nodejs\node_modules\npm\node_modules\read-installed\read-installed.js:251:14
93 verbose stack     at cb (c:\Program Files\nodejs\node_modules\npm\node_modules\slide\lib\async-map.js:47:24)
93 verbose stack     at c:\Program Files\nodejs\node_modules\npm\node_modules\read-installed\read-installed.js:251:14
93 verbose stack     at cb (c:\Program Files\nodejs\node_modules\npm\node_modules\slide\lib\async-map.js:47:24)
93 verbose stack     at c:\Program Files\nodejs\node_modules\npm\node_modules\read-installed\read-installed.js:251:14
94 verbose cwd C:\projects\sk
95 error Windows_NT 6.1.7601
96 error argv "c:\\Program Files\\nodejs\\node.exe" "c:\\Program Files\\nodejs\\node_modules\\npm\\bin\\npm-cli.js" "i" "angular-cookies"
97 error node v0.12.2
98 error npm  v2.7.4
99 error code EPEERINVALID
100 error peerinvalid The package angular does not satisfy its siblings' peerDependencies requirements!
100 error peerinvalid Peer angular-material@0.8.3 wants angular@1.3.x
100 error peerinvalid Peer angular-formly@4.2.5 wants angular@^1.x
101 verbose exit [ 1, true ]
